<?xml version="1.0" encoding="UTF-8"?>
<testng-results skipped="0" failed="0" ignored="0" total="2" passed="2">
  <reporter-output>
  </reporter-output>
  <suite name="Test" duration-ms="22943" started-at="2019-01-20T15:45:20Z" finished-at="2019-01-20T15:45:43Z">
    <groups>
    </groups>
    <test name="Tool QA" duration-ms="22943" started-at="2019-01-20T15:45:20Z" finished-at="2019-01-20T15:45:43Z">
      <class name="GroupID.CheckAllLinks">
        <test-method status="PASS" signature="CheckAllLinks()[pri:2, instance:GroupID.CheckAllLinks@6be46e8f]" name="CheckAllLinks" duration-ms="11536" started-at="2019-01-20T15:45:30Z" finished-at="2019-01-20T15:45:42Z">
          <reporter-output>
          </reporter-output>
        </test-method> <!-- CheckAllLinks -->
      </class> <!-- GroupID.CheckAllLinks -->
      <class name="GroupID.checkTitle">
        <test-method status="PASS" signature="initializeBrowser()[pri:0, instance:GroupID.checkTitle@68837a77]" name="initializeBrowser" is-config="true" duration-ms="10503" started-at="2019-01-20T15:45:20Z" finished-at="2019-01-20T15:45:30Z">
          <reporter-output>
          </reporter-output>
        </test-method> <!-- initializeBrowser -->
        <test-method status="PASS" signature="checkTitle()[pri:1, instance:GroupID.checkTitle@68837a77]" name="checkTitle" duration-ms="49" started-at="2019-01-20T15:45:30Z" finished-at="2019-01-20T15:45:30Z">
          <reporter-output>
          </reporter-output>
        </test-method> <!-- checkTitle -->
        <test-method status="PASS" signature="teardown()[pri:0, instance:GroupID.checkTitle@68837a77]" name="teardown" is-config="true" duration-ms="835" started-at="2019-01-20T15:45:42Z" finished-at="2019-01-20T15:45:43Z">
          <reporter-output>
          </reporter-output>
        </test-method> <!-- teardown -->
      </class> <!-- GroupID.checkTitle -->
    </test> <!-- Tool QA -->
  </suite> <!-- Test -->
</testng-results>
