<?xml version="1.0" encoding="UTF-8"?>
<testsuite xmlns:xsi="http://www.w3.org/2001/XMLSchema-instance" xsi:noNamespaceSchemaLocation="https://maven.apache.org/surefire/maven-surefire-plugin/xsd/surefire-test-report-3.0.xsd" version="3.0" name="TestSuite" time="1.047" tests="3" errors="0" skipped="2" failures="1">
  <properties>
[...]
</properties>
  <testcase name="initializeBrowser" classname="GroupID.CheckAllLinks" time="0.807">
    <failure message="D:\JavaEverything\SeleniumMaster\NewCoding\End2EndProject\src\main\java\resourses\data.properties (The system cannot find the path specified)" type="java.io.FileNotFoundException">java.io.FileNotFoundException: D:\JavaEverything\SeleniumMaster\NewCoding\End2EndProject\src\main\java\resourses\data.properties (The system cannot find the path specified)
</failure>
  </testcase>
  <testcase name="CheckAllLinks" classname="GroupID.CheckAllLinks" time="0">
    <skipped message="D:\JavaEverything\SeleniumMaster\NewCoding\End2EndProject\src\main\java\resourses\data.properties (The system cannot find the path specified)"/>
  </testcase>
  <testcase name="teardown" classname="GroupID.CheckAllLinks" time="0">
    <skipped/>
  </testcase>
</testsuite>